#Data files list
#This file is automatically generated and should not be edited!

#Files below will be executed one by one to rebuild the target database.
#Path is relative to the folder of this list file.

#Begin of list

#Drop tables
create_mp.sql

#Create tables
mp/super_admin.sql
mp/mp_admin.sql
mp/mp_user.sql
mp/mp_fans_count.sql
mp/mp_user_nav.sql
mp/mp_article.sql
mp/mp_article_daily_traffic.sql
mp/wx_user.sql
mp/app_user.sql
mp/pc_user.sql
mp/wx_user_ext.sql
mp/mp_user_config.sql
mp/wx_user_feedback.sql
mp/test.sql
mp/test_test.sql
mp/report.sql
mp/like_article.sql
mp/article_comment.sql
mp/wj_questionnaire.sql
mp/wj_question.sql
mp/wj_choice.sql
mp/wj_user_answer.sql
mp/top_directory.sql
mp/directory.sql
mp/directory_daily_traffic.sql
mp/directory_wx_user_visit.sql
mp/carousel.sql
mp/album.sql
mp/picture.sql
mp/channel.sql
mp/channel_article.sql
mp/article_tag_log.sql
mp/urgent_notice_read_record.sql
mp/app_notice_read_record.sql
mp/company_admin.sql
mp/community_admin.sql
mp/community_phone_book.sql
mp/customer_specialist_group.sql
mp/customer_specialist.sql
mp/owner_lessee.sql
mp/total_user.sql
mp/beacon_setting.sql
mp/province.sql
mp/city.sql
mp/area.sql
mp/wx_menu.sql
mp/wx_sub_menu.sql
mp/mp_rule.sql
mp/mp_rule_news_item.sql
mp/community.sql
mp/community_config.sql
mp/house_member.sql
mp/bill_day.sql
mp/bill.sql
mp/bill_detail.sql
mp/community_report.sql
mp/cs_chat_record.sql
mp/chat_room_record.sql
mp/group_send.sql
mp/group_send_item.sql
mp/address_level_info.sql
mp/user_notify.sql
mp/push_message.sql
mp/test_procurement.sql
mp/restaurant.sql
mp/part.sql
mp/store.sql
mp/category.sql
mp/product.sql
mp/order.sql
mp/order_detail.sql
mp/order_change_log.sql
mp/cart.sql
mp/cart_detail.sql
mp/wx_pay_record.sql
mp/product_comment.sql
mp/procurement_order.sql
mp/procurement_order_change_log.sql
mp/procurement_order_change_detail.sql
mp/procurement_order_detail.sql
mp/procurement_cart.sql
mp/procurement_cart_detail.sql

#Add relationships


#End of list